VRcardgame/Temp/gradleOut/unityLibrary/build/intermediates/manifest_merge_blame_file/debug/manifest-merger-blame-debug-report.txt
1<?xml version="1.0" encoding="utf-8"?>
2<!-- GENERATED BY UNITY. REMOVE THIS COMMENT TO PREVENT OVERWRITING WHEN EXPORTING AGAIN -->
3<manifest xmlns:android="http://schemas.android.com/apk/res/android"
4    xmlns:tools="http://schemas.android.com/tools"
5    package="com.unity3d.player"
6    android:installLocation="auto"
7    android:versionCode="1"
8    android:versionName="0.1" >
9
10    <uses-sdk
11        android:minSdkVersion="23"
11-->src/main/AndroidManifest.xml
12        android:targetSdkVersion="29" />
12-->src/main/AndroidManifest.xml
13
14    <uses-feature android:glEsVersion="0x00030000" />
14-->src/main/AndroidManifest.xml:23:3-52
14-->src/main/AndroidManifest.xml:23:17-49
15
16    <supports-gl-texture android:name="GL_KHR_texture_compression_astc_ldr" />
16-->src/main/AndroidManifest.xml:24:3-77
16-->src/main/AndroidManifest.xml:24:24-74
17
18    <uses-permission android:name="android.permission.INTERNET" />
18-->src/main/AndroidManifest.xml:25:3-65
18-->src/main/AndroidManifest.xml:25:20-62
19    <uses-permission android:name="android.permission.RECORD_AUDIO" />
19-->src/main/AndroidManifest.xml:26:3-69
19-->src/main/AndroidManifest.xml:26:20-66
20    <uses-permission android:name="android.permission.MODIFY_AUDIO_SETTINGS" />
20-->src/main/AndroidManifest.xml:27:3-78
20-->src/main/AndroidManifest.xml:27:20-75
21
22    <uses-feature
22-->src/main/AndroidManifest.xml:28:3-87
23        android:name="android.hardware.microphone"
23-->src/main/AndroidManifest.xml:28:17-59
24        android:required="false" />
24-->src/main/AndroidManifest.xml:28:60-84
25    <uses-feature
25-->src/main/AndroidManifest.xml:29:3-88
26        android:name="android.hardware.touchscreen"
26-->src/main/AndroidManifest.xml:29:17-60
27        android:required="false" />
27-->src/main/AndroidManifest.xml:29:61-85
28    <uses-feature
28-->src/main/AndroidManifest.xml:30:3-99
29        android:name="android.hardware.touchscreen.multitouch"
29-->src/main/AndroidManifest.xml:30:17-71
30        android:required="false" />
30-->src/main/AndroidManifest.xml:30:72-96
31    <uses-feature
31-->src/main/AndroidManifest.xml:31:3-108
32        android:name="android.hardware.touchscreen.multitouch.distinct"
32-->src/main/AndroidManifest.xml:31:17-80
33        android:required="false" />
33-->src/main/AndroidManifest.xml:31:81-105
34    <uses-feature
34-->src/main/AndroidManifest.xml:32:3-111
35        android:name="android.hardware.vr.headtracking"
35-->src/main/AndroidManifest.xml:32:17-64
36        android:required="true"
36-->src/main/AndroidManifest.xml:32:65-88
37        android:version="1" />
37-->src/main/AndroidManifest.xml:32:89-108
38
39    <application
39-->src/main/AndroidManifest.xml:4:3-22:17
40        android:allowBackup="false"
40-->src/main/AndroidManifest.xml:4:81-108
41        android:icon="@mipmap/app_icon"
41-->src/main/AndroidManifest.xml:4:49-80
42        android:label="@string/app_name"
42-->src/main/AndroidManifest.xml:4:16-48
43        android:networkSecurityConfig="@xml/network_sec_config" >
43-->src/main/AndroidManifest.xml:4:109-164
44        <activity
44-->src/main/AndroidManifest.xml:5:5-14:16
45            android:name="com.unity3d.player.UnityPlayerActivity"
45-->src/main/AndroidManifest.xml:5:15-68
46            android:configChanges="keyboard|keyboardHidden|navigation|orientation|screenLayout|screenSize|uiMode"
46-->src/main/AndroidManifest.xml:5:204-305
47            android:hardwareAccelerated="false"
47-->src/main/AndroidManifest.xml:5:306-341
48            android:launchMode="singleTask"
48-->src/main/AndroidManifest.xml:5:172-203
49            android:screenOrientation="landscape"
49-->src/main/AndroidManifest.xml:5:134-171
50            android:theme="@android:style/Theme.Black.NoTitleBar.Fullscreen" >
50-->src/main/AndroidManifest.xml:5:69-133
51            <intent-filter>
51-->src/main/AndroidManifest.xml:6:7-10:23
52                <action android:name="android.intent.action.MAIN" />
52-->src/main/AndroidManifest.xml:7:9-61
52-->src/main/AndroidManifest.xml:7:17-58
53
54                <category android:name="com.oculus.intent.category.VR" />
54-->src/main/AndroidManifest.xml:8:9-66
54-->src/main/AndroidManifest.xml:8:19-63
55                <category android:name="android.intent.category.INFO" />
55-->src/main/AndroidManifest.xml:9:9-65
55-->src/main/AndroidManifest.xml:9:19-62
56            </intent-filter>
57
58            <meta-data
58-->src/main/AndroidManifest.xml:11:7-82
59                android:name="unityplayer.UnityActivity"
59-->src/main/AndroidManifest.xml:11:18-58
60                android:value="true" />
60-->src/main/AndroidManifest.xml:11:59-79
61            <meta-data
61-->src/main/AndroidManifest.xml:12:7-78
62                android:name="android.notch_support"
62-->src/main/AndroidManifest.xml:12:18-54
63                android:value="true" />
63-->src/main/AndroidManifest.xml:12:55-75
64            <meta-data
64-->src/main/AndroidManifest.xml:13:7-81
65                android:name="com.oculus.vr.focusaware"
65-->src/main/AndroidManifest.xml:13:18-57
66                android:value="true" />
66-->src/main/AndroidManifest.xml:13:58-78
67        </activity>
68
69        <meta-data
69-->src/main/AndroidManifest.xml:15:5-69
70            android:name="unity.splash-mode"
70-->src/main/AndroidManifest.xml:15:16-48
71            android:value="0" />
71-->src/main/AndroidManifest.xml:15:49-66
72        <meta-data
72-->src/main/AndroidManifest.xml:16:5-74
73            android:name="unity.splash-enable"
73-->src/main/AndroidManifest.xml:16:16-50
74            android:value="True" />
74-->src/main/AndroidManifest.xml:16:51-71
75        <meta-data
75-->src/main/AndroidManifest.xml:17:5-81
76            android:name="notch.config"
76-->src/main/AndroidManifest.xml:17:16-43
77            android:value="portrait|landscape" />
77-->src/main/AndroidManifest.xml:17:44-78
78        <meta-data
78-->src/main/AndroidManifest.xml:18:5-101
79            android:name="unity.build-id"
79-->src/main/AndroidManifest.xml:18:16-45
80            android:value="5c075303-7fef-42e3-9cfa-ac01e58f75aa" />
80-->src/main/AndroidManifest.xml:18:46-98
81        <meta-data
81-->src/main/AndroidManifest.xml:19:5-97
82            android:name="com.samsung.android.vr.application.mode"
82-->src/main/AndroidManifest.xml:19:16-70
83            android:value="vr_only" />
83-->src/main/AndroidManifest.xml:19:71-94
84        <meta-data
84-->src/main/AndroidManifest.xml:20:5-91
85            android:name="com.unity.xr.oculus.LowOverheadMode"
85-->src/main/AndroidManifest.xml:20:16-66
86            android:value="false" />
86-->src/main/AndroidManifest.xml:20:67-88
87        <meta-data
87-->src/main/AndroidManifest.xml:21:5-90
88            android:name="com.oculus.supportedDevices"
88-->src/main/AndroidManifest.xml:21:16-58
89            android:value="quest|delmar" />
89-->src/main/AndroidManifest.xml:21:59-87
90    </application>
91
92</manifest>